Log file open, 07/20/18 03:02:33
LogWindows: Failed to load 'aqProf.dll' (GetLastError=126)
LogWindows: File 'aqProf.dll' does not exist
LogWindows: Failed to load 'VtuneApi.dll' (GetLastError=126)
LogWindows: File 'VtuneApi.dll' does not exist
LogWindows: Failed to load 'VtuneApi32e.dll' (GetLastError=126)
LogWindows: File 'VtuneApi32e.dll' does not exist
LogInit: Display: Running engine for game: Pinball
LogPlatformFile: Not using cached read wrapper
LogInit: Display: RandInit(-335537731) SRandInit(-335537731).
LogInit: Read version file with build ID '3944462'
LogInit: Overriding engine version to CL 4033788, compatible CL 3944462
LogInit: Registered custom module enumerator with build ID '3944462'
LogTaskGraph: Started task graph with 5 named threads and 23 total threads with 3 sets of task threads.
LogStats: Stats thread started at 0.278697
LogD3D11RHI: Aftermath initialized
LogICUInternationalization: Display: ICU TimeZone Detection - Raw Offset: -8:00, Platform Override: ''
LogModuleManager: Display: Found up-to-date module file ../../../Engine/Plugins/2D/Paper2D/Binaries/Win64/UE4Editor-Paper2D.dll (API version 3944462).
LogModuleManager: Display: Found up-to-date module file ../../../Engine/Plugins/2D/Paper2D/Binaries/Win64/UE4Editor-Paper2DEditor.dll (API version 3944462).
LogModuleManager: Display: Found up-to-date module file ../../../Engine/Plugins/2D/Paper2D/Binaries/Win64/UE4Editor-PaperSpriteSheetImporter.dll (API version 3944462).
LogModuleManager: Display: Found up-to-date module file ../../../Engine/Plugins/2D/Paper2D/Binaries/Win64/UE4Editor-PaperTiledImporter.dll (API version 3944462).
LogModuleManager: Display: Found up-to-date module file ../../../Engine/Plugins/2D/Paper2D/Binaries/Win64/UE4Editor-SmartSnapping.dll (API version 3944462).
LogModuleManager: Display: Found up-to-date module file ../../../Engine/Plugins/Blendables/LightPropagationVolume/Binaries/Win64/UE4Editor-LightPropagationVolumeRuntime.dll (API version 3944462).
LogModuleManager: Display: Found up-to-date module file ../../../Engine/Plugins/Blendables/LightPropagationVolume/Binaries/Win64/UE4Editor-LightPropagationVolumeEditor.dll (API version 3944462).
LogModuleManager: Display: Found up-to-date module file ../../../Engine/Plugins/Developer/CLionSourceCodeAccess/Binaries/Win64/UE4Editor-CLionSourceCodeAccess.dll (API version 3944462).
LogModuleManager: Display: Found up-to-date module file ../../../Engine/Plugins/Developer/GitSourceControl/Binaries/Win64/UE4Editor-GitSourceControl.dll (API version 3944462).
LogModuleManager: Display: Found up-to-date module file ../../../Engine/Plugins/Developer/PerforceSourceControl/Binaries/Win64/UE4Editor-PerforceSourceControl.dll (API version 3944462).
LogModuleManager: Display: Found up-to-date module file ../../../Engine/Plugins/Developer/SubversionSourceControl/Binaries/Win64/UE4Editor-SubversionSourceControl.dll (API version 3944462).
LogModuleManager: Display: Found up-to-date module file ../../../Engine/Plugins/Developer/UObjectPlugin/Binaries/Win64/UE4Editor-UObjectPlugin.dll (API version 3944462).
LogModuleManager: Display: Found up-to-date module file ../../../Engine/Plugins/Developer/VisualStudioCodeSourceCodeAccess/Binaries/Win64/UE4Editor-VisualStudioCodeSourceCodeAccess.dll (API version 3944462).
LogModuleManager: Display: Found up-to-date module file ../../../Engine/Plugins/Developer/VisualStudioSourceCodeAccess/Binaries/Win64/UE4Editor-VisualStudioSourceCodeAccess.dll (API version 3944462).
LogModuleManager: Display: Found up-to-date module file ../../../Engine/Plugins/Editor/AssetManagerEditor/Binaries/Win64/UE4Editor-AssetManagerEditor.dll (API version 3944462).
LogModuleManager: Display: Found up-to-date module file ../../../Engine/Plugins/Editor/CryptoKeys/Binaries/Win64/UE4Editor-CryptoKeys.dll (API version 3944462).
LogModuleManager: Display: Found up-to-date module file ../../../Engine/Plugins/Editor/CryptoKeys/Binaries/Win64/UE4Editor-CryptoKeysOpenSSL.dll (API version 3944462).
LogModuleManager: Display: Found up-to-date module file ../../../Engine/Plugins/Editor/DataValidation/Binaries/Win64/UE4Editor-DataValidation.dll (API version 3944462).
LogModuleManager: Display: Found up-to-date module file ../../../Engine/Plugins/Editor/FacialAnimation/Binaries/Win64/UE4Editor-FacialAnimation.dll (API version 3944462).
LogModuleManager: Display: Found up-to-date module file ../../../Engine/Plugins/Editor/FacialAnimation/Binaries/Win64/UE4Editor-FacialAnimationEditor.dll (API version 3944462).
LogModuleManager: Display: Found up-to-date module file ../../../Engine/Plugins/Editor/GameplayTagsEditor/Binaries/Win64/UE4Editor-GameplayTagsEditor.dll (API version 3944462).
LogModuleManager: Display: Found up-to-date module file ../../../Engine/Plugins/Editor/MobileLauncherProfileWizard/Binaries/Win64/UE4Editor-MobileLauncherProfileWizard.dll (API version 3944462).
LogModuleManager: Display: Found up-to-date module file ../../../Engine/Plugins/Editor/PluginBrowser/Binaries/Win64/UE4Editor-PluginBrowser.dll (API version 3944462).
LogModuleManager: Display: Found up-to-date module file ../../../Engine/Plugins/Editor/SpeedTreeImporter/Binaries/Win64/UE4Editor-SpeedTreeImporter.dll (API version 3944462).
LogModuleManager: Display: Found up-to-date module file ../../../Engine/Plugins/Enterprise/DatasmithContent/Binaries/Win64/UE4Editor-DatasmithContent.dll (API version 3944462).
LogModuleManager: Display: Found up-to-date module file ../../../Engine/Plugins/Experimental/AlembicImporter/Binaries/Win64/UE4Editor-AlembicImporter.dll (API version 3944462).
LogModuleManager: Display: Found up-to-date module file ../../../Engine/Plugins/Experimental/AlembicImporter/Binaries/Win64/UE4Editor-AlembicLibrary.dll (API version 3944462).
LogModuleManager: Display: Found up-to-date module file ../../../Engine/Plugins/Experimental/CharacterAI/Binaries/Win64/UE4Editor-CharacterAI.dll (API version 3944462).
LogModuleManager: Display: Found up-to-date module file ../../../Engine/Plugins/Experimental/HTML5Networking/Binaries/Win64/UE4Editor-HTML5Networking.dll (API version 3944462).
LogModuleManager: Display: Found up-to-date module file ../../../Engine/Plugins/Media/AndroidMedia/Binaries/Win64/UE4Editor-AndroidMediaEditor.dll (API version 3944462).
LogModuleManager: Display: Found up-to-date module file ../../../Engine/Plugins/Media/AndroidMedia/Binaries/Win64/UE4Editor-AndroidMediaFactory.dll (API version 3944462).
LogModuleManager: Display: Found up-to-date module file ../../../Engine/Plugins/Media/AvfMedia/Binaries/Win64/UE4Editor-AvfMediaEditor.dll (API version 3944462).
LogModuleManager: Display: Found up-to-date module file ../../../Engine/Plugins/Media/AvfMedia/Binaries/Win64/UE4Editor-AvfMediaFactory.dll (API version 3944462).
LogModuleManager: Display: Found up-to-date module file ../../../Engine/Plugins/Media/AvfMedia/Binaries/Win64/UE4Editor-AvfMediaFactory.dll (API version 3944462).
LogModuleManager: Display: Found up-to-date module file ../../../Engine/Plugins/Media/ImgMedia/Binaries/Win64/UE4Editor-ImgMedia.dll (API version 3944462).
LogModuleManager: Display: Found up-to-date module file ../../../Engine/Plugins/Media/ImgMedia/Binaries/Win64/UE4Editor-ImgMediaEditor.dll (API version 3944462).
LogModuleManager: Display: Found up-to-date module file ../../../Engine/Plugins/Media/ImgMedia/Binaries/Win64/UE4Editor-ImgMediaFactory.dll (API version 3944462).
LogModuleManager: Display: Found up-to-date module file ../../../Engine/Plugins/Media/ImgMedia/Binaries/Win64/UE4Editor-ImgMediaFactory.dll (API version 3944462).
LogModuleManager: Display: Found up-to-date module file ../../../Engine/Plugins/Media/ImgMedia/Binaries/Win64/UE4Editor-OpenExrWrapper.dll (API version 3944462).
LogModuleManager: Display: Found up-to-date module file ../../../Engine/Plugins/Media/LinearTimecode/Binaries/Win64/UE4Editor-LinearTimecode.dll (API version 3944462).
LogModuleManager: Display: Found up-to-date module file ../../../Engine/Plugins/Media/MediaCompositing/Binaries/Win64/UE4Editor-MediaCompositing.dll (API version 3944462).
LogModuleManager: Display: Found up-to-date module file ../../../Engine/Plugins/Media/MediaCompositing/Binaries/Win64/UE4Editor-MediaCompositingEditor.dll (API version 3944462).
LogModuleManager: Display: Found up-to-date module file ../../../Engine/Plugins/Media/MediaPlayerEditor/Binaries/Win64/UE4Editor-MediaPlayerEditor.dll (API version 3944462).
LogModuleManager: Display: Found up-to-date module file ../../../Engine/Plugins/Media/WmfMedia/Binaries/Win64/UE4Editor-WmfMedia.dll (API version 3944462).
LogModuleManager: Display: Found up-to-date module file ../../../Engine/Plugins/Media/WmfMedia/Binaries/Win64/UE4Editor-WmfMediaEditor.dll (API version 3944462).
LogModuleManager: Display: Found up-to-date module file ../../../Engine/Plugins/Media/WmfMedia/Binaries/Win64/UE4Editor-WmfMediaFactory.dll (API version 3944462).
LogModuleManager: Display: Found up-to-date module file ../../../Engine/Plugins/Media/WmfMedia/Binaries/Win64/UE4Editor-WmfMediaFactory.dll (API version 3944462).
LogModuleManager: Display: Found up-to-date module file ../../../Engine/Plugins/Messaging/TcpMessaging/Binaries/Win64/UE4Editor-TcpMessaging.dll (API version 3944462).
LogModuleManager: Display: Found up-to-date module file ../../../Engine/Plugins/Messaging/UdpMessaging/Binaries/Win64/UE4Editor-UdpMessaging.dll (API version 3944462).
LogModuleManager: Display: Found up-to-date module file ../../../Engine/Plugins/MovieScene/ActorSequence/Binaries/Win64/UE4Editor-ActorSequence.dll (API version 3944462).
LogModuleManager: Display: Found up-to-date module file ../../../Engine/Plugins/MovieScene/LevelSequenceEditor/Binaries/Win64/UE4Editor-LevelSequenceEditor.dll (API version 3944462).
LogModuleManager: Display: Found up-to-date module file ../../../Engine/Plugins/MovieScene/MatineeToLevelSequence/Binaries/Win64/UE4Editor-MatineeToLevelSequence.dll (API version 3944462).
LogModuleManager: Display: Found up-to-date module file ../../../Engine/Plugins/NetcodeUnitTest/NetcodeUnitTest/Binaries/Win64/UE4Editor-NetcodeUnitTest.dll (API version 3944462).
LogModuleManager: Display: Found up-to-date module file ../../../Engine/Plugins/NetcodeUnitTest/NUTUnrealEngine4/Binaries/Win64/UE4Editor-NUTUnrealEngine4.dll (API version 3944462).
LogModuleManager: Display: Found up-to-date module file ../../../Engine/Plugins/Online/OnlineSubsystem/Binaries/Win64/UE4Editor-OnlineSubsystem.dll (API version 3944462).
LogModuleManager: Display: Found up-to-date module file ../../../Engine/Plugins/Runtime/AndroidPermission/Binaries/Win64/UE4Editor-AndroidPermission.dll (API version 3944462).
LogModuleManager: Display: Found up-to-date module file ../../../Engine/Plugins/Online/OnlineSubsystemNull/Binaries/Win64/UE4Editor-OnlineSubsystemNull.dll (API version 3944462).
LogModuleManager: Display: Found up-to-date module file ../../../Engine/Plugins/Online/OnlineSubsystemUtils/Binaries/Win64/UE4Editor-OnlineSubsystemUtils.dll (API version 3944462).
LogModuleManager: Display: Found up-to-date module file ../../../Engine/Plugins/Online/OnlineSubsystemUtils/Binaries/Win64/UE4Editor-OnlineBlueprintSupport.dll (API version 3944462).
LogModuleManager: Display: Found up-to-date module file ../../../Engine/Plugins/Runtime/AndroidDeviceProfileSelector/Binaries/Win64/UE4Editor-AndroidDeviceProfileSelector.dll (API version 3944462).
LogModuleManager: Display: Found up-to-date module file ../../../Engine/Plugins/Runtime/AppleARKit/Binaries/Win64/UE4Editor-AppleARKit.dll (API version 3944462).
LogModuleManager: Display: Found up-to-date module file ../../../Engine/Plugins/Runtime/ProceduralMeshComponent/Binaries/Win64/UE4Editor-ProceduralMeshComponent.dll (API version 3944462).
LogModuleManager: Display: Found up-to-date module file ../../../Engine/Plugins/Runtime/ProceduralMeshComponent/Binaries/Win64/UE4Editor-ProceduralMeshComponentEditor.dll (API version 3944462).
LogModuleManager: Display: Found up-to-date module file ../../../Engine/Plugins/Animation/LiveLink/Binaries/Win64/UE4Editor-LiveLink.dll (API version 3944462).
LogModuleManager: Display: Found up-to-date module file ../../../Engine/Plugins/Animation/LiveLink/Binaries/Win64/UE4Editor-LiveLinkEditor.dll (API version 3944462).
LogModuleManager: Display: Found up-to-date module file ../../../Engine/Plugins/Runtime/ArchVisCharacter/Binaries/Win64/UE4Editor-ArchVisCharacter.dll (API version 3944462).
LogModuleManager: Display: Found up-to-date module file ../../../Engine/Plugins/Runtime/AudioCapture/Binaries/Win64/UE4Editor-AudioCapture.dll (API version 3944462).
LogModuleManager: Display: Found up-to-date module file ../../../Engine/Plugins/Runtime/AudioCapture/Binaries/Win64/UE4Editor-AudioCaptureEditor.dll (API version 3944462).
LogModuleManager: Display: Found up-to-date module file ../../../Engine/Plugins/Runtime/CableComponent/Binaries/Win64/UE4Editor-CableComponent.dll (API version 3944462).
LogModuleManager: Display: Found up-to-date module file ../../../Engine/Plugins/Runtime/CustomMeshComponent/Binaries/Win64/UE4Editor-CustomMeshComponent.dll (API version 3944462).
LogModuleManager: Display: Found up-to-date module file ../../../Engine/Plugins/Runtime/ExampleDeviceProfileSelector/Binaries/Win64/UE4Editor-ExampleDeviceProfileSelector.dll (API version 3944462).
LogModuleManager: Display: Found up-to-date module file ../../../Engine/Plugins/Runtime/ImmediatePhysics/Binaries/Win64/UE4Editor-ImmediatePhysics.dll (API version 3944462).
LogModuleManager: Display: Found up-to-date module file ../../../Engine/Plugins/Runtime/ImmediatePhysics/Binaries/Win64/UE4Editor-ImmediatePhysicsEditor.dll (API version 3944462).
LogModuleManager: Display: Found up-to-date module file ../../../Engine/Plugins/Runtime/LocationServicesBPLibrary/Binaries/Win64/UE4Editor-LocationServicesBPLibrary.dll (API version 3944462).
LogModuleManager: Display: Found up-to-date module file ../../../Engine/Plugins/Runtime/MobilePatchingUtils/Binaries/Win64/UE4Editor-MobilePatchingUtils.dll (API version 3944462).
LogModuleManager: Display: Found up-to-date module file ../../../Engine/Plugins/Runtime/Oculus/OculusVR/Binaries/Win64/UE4Editor-OculusHMD.dll (API version 3944462).
LogModuleManager: Display: Found up-to-date module file ../../../Engine/Plugins/Runtime/Oculus/OculusVR/Binaries/Win64/UE4Editor-OculusInput.dll (API version 3944462).
LogModuleManager: Display: Found up-to-date module file ../../../Engine/Plugins/Runtime/Oculus/OculusVR/Binaries/Win64/UE4Editor-OculusEditor.dll (API version 3944462).
LogModuleManager: Display: Found up-to-date module file ../../../Engine/Plugins/Runtime/PhysXVehicles/Binaries/Win64/UE4Editor-PhysXVehicles.dll (API version 3944462).
LogModuleManager: Display: Found up-to-date module file ../../../Engine/Plugins/Runtime/PhysXVehicles/Binaries/Win64/UE4Editor-PhysXVehiclesEditor.dll (API version 3944462).
LogModuleManager: Display: Found up-to-date module file ../../../Engine/Plugins/Runtime/RuntimePhysXCooking/Binaries/Win64/UE4Editor-RuntimePhysXCooking.dll (API version 3944462).
LogModuleManager: Display: Found up-to-date module file ../../../Engine/Plugins/Runtime/Steam/SteamVR/Binaries/Win64/UE4Editor-SteamVR.dll (API version 3944462).
LogModuleManager: Display: Found up-to-date module file ../../../Engine/Plugins/Runtime/Steam/SteamVR/Binaries/Win64/UE4Editor-SteamVRController.dll (API version 3944462).
LogModuleManager: Display: Found up-to-date module file ../../../Engine/Plugins/Runtime/WindowsMoviePlayer/Binaries/Win64/UE4Editor-WindowsMoviePlayer.dll (API version 3944462).
LogPluginManager: Mounting plugin Paper2D
LogPluginManager: Mounting plugin LiveLink
LogPluginManager: Mounting plugin LightPropagationVolume
LogPluginManager: Mounting plugin CLionSourceCodeAccess
LogPluginManager: Mounting plugin CodeLiteSourceCodeAccess
LogPluginManager: Mounting plugin GitSourceControl
LogPluginManager: Mounting plugin KDevelopSourceCodeAccess
LogPluginManager: Mounting plugin NullSourceCodeAccess
LogPluginManager: Mounting plugin PerforceSourceControl
LogPluginManager: Mounting plugin SubversionSourceControl
LogPluginManager: Mounting plugin UObjectPlugin
LogPluginManager: Mounting plugin VisualStudioCodeSourceCodeAccess
LogPluginManager: Mounting plugin VisualStudioSourceCodeAccess
LogPluginManager: Mounting plugin XCodeSourceCodeAccess
LogPluginManager: Mounting plugin AssetManagerEditor
LogPluginManager: Mounting plugin CryptoKeys
LogPluginManager: Mounting plugin DataValidation
LogPluginManager: Mounting plugin FacialAnimation
LogPluginManager: Mounting plugin GameplayTagsEditor
LogPluginManager: Mounting plugin MobileLauncherProfileWizard
LogPluginManager: Mounting plugin PluginBrowser
LogPluginManager: Mounting plugin SpeedTreeImporter
LogPluginManager: Mounting plugin DatasmithContent
LogPluginManager: Mounting plugin AlembicImporter
LogPluginManager: Mounting plugin CharacterAI
LogPluginManager: Mounting plugin HTML5Networking
LogPluginManager: Mounting plugin AndroidMedia
LogPluginManager: Mounting plugin AvfMedia
LogPluginManager: Mounting plugin ImgMedia
LogPluginManager: Mounting plugin LinearTimecode
LogPluginManager: Mounting plugin MediaCompositing
LogPluginManager: Mounting plugin MediaPlayerEditor
LogPluginManager: Mounting plugin WmfMedia
LogPluginManager: Mounting plugin TcpMessaging
LogPluginManager: Mounting plugin UdpMessaging
LogPluginManager: Mounting plugin ActorSequence
LogPluginManager: Mounting plugin LevelSequenceEditor
LogPluginManager: Mounting plugin MatineeToLevelSequence
LogPluginManager: Mounting plugin NetcodeUnitTest
LogPluginManager: Mounting plugin NUTUnrealEngine4
LogPluginManager: Mounting plugin OnlineSubsystemGooglePlay
LogPluginManager: Mounting plugin OnlineSubsystemIOS
LogPluginManager: Mounting plugin OnlineSubsystem
LogPluginManager: Mounting plugin OnlineSubsystemNull
LogPluginManager: Mounting plugin OnlineSubsystemUtils
LogPluginManager: Mounting plugin AndroidDeviceProfileSelector
LogPluginManager: Mounting plugin AndroidMoviePlayer
LogPluginManager: Mounting plugin AndroidPermission
LogPluginManager: Mounting plugin AppleARKit
LogPluginManager: Mounting plugin AppleMoviePlayer
LogPluginManager: Mounting plugin ArchVisCharacter
LogPluginManager: Mounting plugin AudioCapture
LogPluginManager: Mounting plugin CableComponent
LogPluginManager: Mounting plugin CustomMeshComponent
LogPluginManager: Mounting plugin ExampleDeviceProfileSelector
LogPluginManager: Mounting plugin GoogleCloudMessaging
LogPluginManager: Mounting plugin ImmediatePhysics
LogPluginManager: Mounting plugin IOSDeviceProfileSelector
LogPluginManager: Mounting plugin LinuxDeviceProfileSelector
LogPluginManager: Mounting plugin LocationServicesBPLibrary
LogPluginManager: Mounting plugin MobilePatchingUtils
LogPluginManager: Mounting plugin OculusVR
LogPluginManager: Plugin shader directory ../../../Engine/Plugins/Runtime/Oculus/OculusVR/Shaders found
LogPluginManager: Mapping shader source directory ../../../Engine/Plugins/Runtime/Oculus/OculusVR/Shaders to virtual directory /Plugin/OculusVR
LogPluginManager: Mounting plugin PhysXVehicles
LogPluginManager: Mounting plugin ProceduralMeshComponent
LogPluginManager: Mounting plugin RuntimePhysXCooking
LogPluginManager: Mounting plugin SteamVR
LogPluginManager: Mounting plugin WindowsMoviePlayer
LogStreaming: Display: Took  0.853s to configure plugins.
LogInit: Using libcurl 7.47.1
LogInit:  - built for x86_64-pc-win32
LogInit:  - supports SSL with OpenSSL/1.0.2g
LogInit:  - supports HTTP deflate (compression) using libz 1.2.8
LogInit:  - other features:
LogInit:      CURL_VERSION_SSL
LogInit:      CURL_VERSION_LIBZ
LogInit:      CURL_VERSION_IPV6
LogInit:      CURL_VERSION_ASYNCHDNS
LogInit:      CURL_VERSION_LARGEFILE
LogInit:      CURL_VERSION_IDN
LogInit:  CurlRequestOptions (configurable via config and command line):
LogInit:  - bVerifyPeer = false  - Libcurl will NOT verify peer certificate
LogInit:  - bUseHttpProxy = false  - Libcurl will NOT use HTTP proxy
LogInit:  - bDontReuseConnections = false  - Libcurl will reuse connections
LogInit:  - CertBundlePath = nullptr  - Libcurl will use whatever was configured at build time.
LogInit:  - MaxHostConnections = 16  - Libcurl will limit the number of connections to a host
LogInit:  - LocalHostAddr = Default
LogInit: WinSock: version 1.1 (2.2), MaxSocks=32767, MaxUdp=65467
LogInit: WinSock: I am DESKTOP-I6078AQ (192.168.1.191:0)
LogInit: Build: ++UE4+Release-4.19-CL-4033788
LogInit: Engine Version: 4.19.2-4033788+++UE4+Release-4.19
LogInit: Compatible Engine Version: 4.19.0-3944462+++UE4+Release-4.19
LogInit: Net CL: 3944462
LogDevObjectVersion: Number of dev versions registered: 18
LogDevObjectVersion:   Dev-Blueprints (B0D832E4-1F89-4F0D-ACCF-7EB736FD4AA2): 10
LogDevObjectVersion:   Dev-Build (E1C64328-A22C-4D53-A36C-8E866417BD8C): 0
LogDevObjectVersion:   Dev-Core (375EC13C-06E4-48FB-B500-84F0262A717E): 2
LogDevObjectVersion:   Dev-Editor (E4B068ED-F494-42E9-A231-DA0B2E46BB41): 23
LogDevObjectVersion:   Dev-Framework (CFFC743F-43B0-4480-9391-14DF171D2073): 33
LogDevObjectVersion:   Dev-Mobile (B02B49B5-BB20-44E9-A304-32B752E40360): 2
LogDevObjectVersion:   Dev-Networking (A4E4105C-59A1-49B5-A7C5-40C4547EDFEE): 0
LogDevObjectVersion:   Dev-Online (39C831C9-5AE6-47DC-9A44-9C173E1C8E7C): 0
LogDevObjectVersion:   Dev-Physics (78F01B33-EBEA-4F98-B9B4-84EACCB95AA2): 0
LogDevObjectVersion:   Dev-Platform (6631380F-2D4D-43E0-8009-CF276956A95A): 0
LogDevObjectVersion:   Dev-Rendering (12F88B9F-8875-4AFC-A67C-D90C383ABD29): 25
LogDevObjectVersion:   Dev-Sequencer (7B5AE74C-D270-4C10-A958-57980B212A5A): 6
LogDevObjectVersion:   Dev-VR (D7296918-1DD6-4BDD-9DE2-64A83CC13884): 1
LogDevObjectVersion:   Dev-LoadTimes (C2A15278-BFE7-4AFE-6C17-90FF531DF755): 1
LogDevObjectVersion:   Private-Geometry (6EACA3D4-40EC-4CC1-B786-8BED09428FC5): 2
LogDevObjectVersion:   Dev-AnimPhys (29E575DD-E0A3-4627-9D10-D276232CDCEA): 16
LogDevObjectVersion:   Dev-ReflectionCapture (6B266CEC-1EC7-4B8F-A30B-E4D90942FC07): 1
LogDevObjectVersion:   Dev-Automation (0DF73D61-A23F-47EA-B727-89E90C41499A): 1
LogInit: Compiled (64-bit): Apr 27 2018 02:06:57
LogInit: Compiled with Visual C++: 19.00.24215.01
LogInit: Build Configuration: Development
LogInit: Branch Name: ++UE4+Release-4.19
LogInit: Command Line:  /Game/Maps/PinballDemoMap -game -PIEVIACONSOLE -ResX=1280 -ResY=720  -Multiprocess -messaging -SessionName="Play in Standalone Game" -windowed 
LogInit: Base Directory: C:/Program Files/Epic Games/UE_4.19/Engine/Binaries/Win64/
LogInit: Installed Engine Build: 1
LogStreaming: Display: Took  0.000s to delete old logs.
LogInit: Presizing for max 8388607 objects, including 0 objects not considered by GC, pre-allocating 0 bytes for permanent pool.
LogInit: Object subsystem initialized
[2018.07.20-10.02.34:107][  0]LogInit: Selected Device Profile: [Windows]
[2018.07.20-10.02.34:107][  0]LogInit: Applying CVar settings loaded from the selected device profile: [Windows]
[2018.07.20-10.02.34:111][  0]LogInit: Computer: DESKTOP-I6078AQ
[2018.07.20-10.02.34:111][  0]LogInit: User: reth1nk
[2018.07.20-10.02.34:111][  0]LogInit: CPU Page size=4096, Cores=4
[2018.07.20-10.02.34:111][  0]LogInit: High frequency timer resolution =3.328126 MHz
[2018.07.20-10.02.34:111][  0]LogMemory: Memory total: Physical=32.0GB (32GB approx)
[2018.07.20-10.02.34:111][  0]LogMemory: Platform Memory Stats for Windows
[2018.07.20-10.02.34:111][  0]LogMemory: Process Physical Memory: 274.31 MB used, 274.31 MB peak
[2018.07.20-10.02.34:111][  0]LogMemory: Process Virtual Memory: 264.70 MB used, 264.70 MB peak
[2018.07.20-10.02.34:111][  0]LogMemory: Physical Memory: 14016.91 MB used,  18710.77 MB free, 32727.68 MB total
[2018.07.20-10.02.34:111][  0]LogMemory: Virtual Memory: 4794.15 MB used,  18710.77 MB free, 134217728.00 MB total
[2018.07.20-10.02.34:134][  0]LogInit: Using OS detected language (en-US).
[2018.07.20-10.02.34:134][  0]LogInit: Using OS detected locale (en-US).
[2018.07.20-10.02.34:134][  0]LogTextLocalizationManager: No localization for 'en-US' exists, so 'en' will be used for the language.
[2018.07.20-10.02.34:134][  0]LogTextLocalizationManager: No localization for 'en-US' exists, so 'en' will be used for the locale.
[2018.07.20-10.02.34:579][  0]LogStreaming: Display: Took  0.446s to EndInitTextLocalization.
[2018.07.20-10.02.34:606][  0]LogSlate: New Slate User Created.  User Index 0, Is Virtual User: 0
[2018.07.20-10.02.34:606][  0]LogSlate: Slate User Registered.  User Index 0, Is Virtual User: 0
[2018.07.20-10.02.34:614][  0]LogD3D11RHI: D3D11 adapters:
[2018.07.20-10.02.34:677][  0]LogD3D11RHI:    0. 'NVIDIA GeForce GTX 1080 Ti' (Feature Level 11_0)
[2018.07.20-10.02.34:677][  0]LogD3D11RHI:       11127/0/16363 MB DedicatedVideo/DedicatedSystem/SharedSystem, Outputs:1, VendorId:0x10de
[2018.07.20-10.02.34:679][  0]LogD3D11RHI:    1. 'Microsoft Basic Render Driver' (Feature Level 11_0)
[2018.07.20-10.02.34:679][  0]LogD3D11RHI:       0/0/16363 MB DedicatedVideo/DedicatedSystem/SharedSystem, Outputs:0, VendorId:0x1414
[2018.07.20-10.02.34:679][  0]LogD3D11RHI: Chosen D3D11 Adapter: 0
[2018.07.20-10.02.34:685][  0]LogD3D11RHI: Creating new Direct3DDevice
[2018.07.20-10.02.34:685][  0]LogD3D11RHI:     GPU DeviceId: 0x1b06 (for the marketing name, search the web for "GPU Device Id")
[2018.07.20-10.02.34:685][  0]LogWindows: EnumDisplayDevices:
[2018.07.20-10.02.34:686][  0]LogWindows:    0. 'NVIDIA GeForce GTX 1080 Ti' (P:1 D:1)
[2018.07.20-10.02.34:686][  0]LogWindows:    1. 'NVIDIA GeForce GTX 1080 Ti' (P:0 D:0)
[2018.07.20-10.02.34:686][  0]LogWindows:    2. 'NVIDIA GeForce GTX 1080 Ti' (P:0 D:0)
[2018.07.20-10.02.34:686][  0]LogWindows:    3. 'NVIDIA GeForce GTX 1080 Ti' (P:0 D:0)
[2018.07.20-10.02.34:686][  0]LogWindows: DebugString: GetVideoDriverDetailsInvalid PrimaryIsNotTheChoosenAdapter GetVideoDriverDetailsInvalid PrimaryIsNotTheChoosenAdapter GetVideoDriverDetailsInvalid PrimaryIsNotTheChoosenAdapter GetVideoDriverDetailsInvalid PrimaryIsNotTheChoosenAdapter FoundDriverCount:0 
[2018.07.20-10.02.34:686][  0]LogD3D11RHI:     Adapter Name: NVIDIA GeForce GTX 1080 Ti
[2018.07.20-10.02.34:686][  0]LogD3D11RHI:   Driver Version: Unknown (internal:Unknown, unified:Unknown)
[2018.07.20-10.02.34:686][  0]LogD3D11RHI:      Driver Date: Unknown
[2018.07.20-10.02.34:686][  0]LogRHI: Texture pool is 7788 MB (70% of 11127 MB)
[2018.07.20-10.02.34:724][  0]LogD3D11RHI: [Aftermath] Aftermath enabled and primed
[2018.07.20-10.02.34:724][  0]LogD3D11RHI: [Aftermath] Aftermath enabled and primed
[2018.07.20-10.02.34:724][  0]LogD3D11RHI: Async texture creation enabled
[2018.07.20-10.02.34:762][  0]LogD3D11RHI: GPU Timing Frequency: 1000.000000 (Debug: 2 2)
[2018.07.20-10.02.34:763][  0]LogShaderCompilers: Guid format shader working directory is -18 characters bigger than the processId version (../../../../../../Users/reth1nk/Documents/Unreal Projects/Pinball/Intermediate/Shaders/WorkingDirectory/10524/).
[2018.07.20-10.02.34:763][  0]LogShaderCompilers: Cleaned the shader compiler working directory 'C:/Users/reth1nk/AppData/Local/Temp/UnrealShaderWorkingDir/EC30847E427D0640C1296D8031627C1B/'.
[2018.07.20-10.02.34:958][  0]LogTemp: Display: Loaded TP WindowsClientTargetPlatform
[2018.07.20-10.02.34:970][  0]LogTemp: Display: Loaded TP WindowsNoEditorTargetPlatform
[2018.07.20-10.02.34:981][  0]LogTemp: Display: Loaded TP WindowsServerTargetPlatform
[2018.07.20-10.02.34:994][  0]LogTemp: Display: Loaded TP WindowsTargetPlatform
[2018.07.20-10.02.34:994][  0]LogTargetPlatformManager: Display: Building Assets For Windows
[2018.07.20-10.02.35:083][  0]LogXGEController: Cannot use XGE Controller as Incredibuild is not installed on this machine.
[2018.07.20-10.02.35:083][  0]LogShaderCompilers: Cannot use XGE Shader Compiler as Incredibuild is not installed on this machine.
[2018.07.20-10.02.35:083][  0]LogShaderCompilers: Display: Using Local Shader Compiler.
[2018.07.20-10.02.35:677][  0]LogDerivedDataCache: Display: Max Cache Size: 512 MB
[2018.07.20-10.02.35:738][  0]LogDerivedDataCache: Loaded boot cache 0.06s 74MB C:/Users/reth1nk/AppData/Local/UnrealEngine/4.19/DerivedDataCache/Boot.ddc.
[2018.07.20-10.02.35:738][  0]LogDerivedDataCache: Display: Loaded Boot cache: C:/Users/reth1nk/AppData/Local/UnrealEngine/4.19/DerivedDataCache/Boot.ddc
[2018.07.20-10.02.35:738][  0]LogDerivedDataCache: FDerivedDataBackendGraph:  Pak pak cache file ../../../../../../Users/reth1nk/Documents/Unreal Projects/Pinball/DerivedDataCache/DDC.ddp not found, will not use a pak cache.
[2018.07.20-10.02.35:738][  0]LogDerivedDataCache: Unable to find inner node Pak for hierarchical cache Hierarchy.
[2018.07.20-10.02.35:738][  0]LogDerivedDataCache: FDerivedDataBackendGraph:  CompressedPak pak cache file ../../../../../../Users/reth1nk/Documents/Unreal Projects/Pinball/DerivedDataCache/Compressed.ddp not found, will not use a pak cache.
[2018.07.20-10.02.35:738][  0]LogDerivedDataCache: Unable to find inner node CompressedPak for hierarchical cache Hierarchy.
[2018.07.20-10.02.35:752][  0]LogDerivedDataCache: Display: Pak cache opened for reading ../../../Engine/DerivedDataCache/Compressed.ddp.
[2018.07.20-10.02.35:765][  0]LogDerivedDataCache: Using Local data cache path C:/Users/reth1nk/AppData/Local/UnrealEngine/Common/DerivedDataCache: Writable
[2018.07.20-10.02.35:765][  0]LogDerivedDataCache: Shared data cache path not found in *engine.ini, will not use an Shared cache.
[2018.07.20-10.02.35:765][  0]LogDerivedDataCache: Unable to find inner node Shared for hierarchical cache Hierarchy.
[2018.07.20-10.02.35:775][  0]LogMaterial: Verifying Global Shaders for PCD3D_SM5
[2018.07.20-10.02.35:776][  0]LogSlate: Using Freetype 2.6.0
[2018.07.20-10.02.35:777][  0]LogSlate: SlateFontCache - WITH_FREETYPE: 1, WITH_HARFBUZZ: 1
[2018.07.20-10.02.35:777][  0]LogSlate: SlateFontCache - WITH_FREETYPE: 1, WITH_HARFBUZZ: 1
[2018.07.20-10.02.35:859][  0]LogAssetRegistry: FAssetRegistry took 0.0037 seconds to start up
[2018.07.20-10.02.36:034][  0]LogPackageLocalizationCache: Processed 9 localized package path(s) for 1 prioritized culture(s) in 0.009165 seconds
[2018.07.20-10.02.36:121][  0]LogInit: Selected Device Profile: [Windows]
[2018.07.20-10.02.36:248][  0]LogSimplygon: Simplygon DLL not present - disabling.
[2018.07.20-10.02.36:250][  0]LogMeshReduction: Using SimplygonSwarm for distributed automatic mesh merging
[2018.07.20-10.02.36:250][  0]LogMeshReduction: Using QuadricMeshReduction for automatic static mesh reduction
[2018.07.20-10.02.36:250][  0]LogMeshReduction: No automatic skeletal mesh reduction module available
[2018.07.20-10.02.36:250][  0]LogMeshReduction: No automatic mesh merging module available
[2018.07.20-10.02.36:250][  0]LogMeshMerging: No automatic mesh merging module available
[2018.07.20-10.02.36:283][  0]LogNetVersion: Pinball , NetCL: 3944462, EngineNetVer: 2, GameNetVer: 0 (Checksum: 3476590221)
[2018.07.20-10.02.36:871][  0]LogMoviePlayer: Initializing movie player
[2018.07.20-10.02.37:117][  0]LogTcpMessaging: Initializing TcpMessaging bridge
[2018.07.20-10.02.37:141][  0]LogUdpMessaging: Initializing bridge on interface 0.0.0.0:0 to multicast group 230.0.0.1:6666.
[2018.07.20-10.02.37:333][  0]SourceControl: Source control is disabled
[2018.07.20-10.02.37:333][  0]SourceControl: Source control is disabled
[2018.07.20-10.02.37:346][  0]SourceControl: Source control is disabled
[2018.07.20-10.02.37:638][  0]LogAndroidPermission: UAndroidPermissionCallbackProxy::GetInstance
[2018.07.20-10.02.37:811][  0]LogOcInput: OculusInput pre-init called
[2018.07.20-10.02.37:843][  0]LogUObjectArray: 40124 objects as part of root set at end of initial load.
[2018.07.20-10.02.37:843][  0]LogUObjectAllocator: 8364200 out of 0 bytes used by permanent object pool.
[2018.07.20-10.02.37:843][  0]LogUObjectArray: CloseDisregardForGC: 0/0 objects in disregard for GC pool
[2018.07.20-10.02.37:888][  0]LogEngine: Initializing Engine...
[2018.07.20-10.02.37:889][  0]LogHMD: Failed to initialize OpenVR with code 110
[2018.07.20-10.02.37:902][  0]LogStats: UGameplayTagsManager::ConstructGameplayTagTree: Construct from data asset -  0.000 s
[2018.07.20-10.02.37:902][  0]LogStats: UGameplayTagsManager::ConstructGameplayTagTree: GameplayTagTreeChangedEvent.Broadcast -  0.000 s
[2018.07.20-10.02.38:085][  0]LogInit: XAudio2 using 'VoiceMeeter Aux Input (VB-Audio VoiceMeeter VAIO)' : 2 channels at 48 kHz using 16 bits per sample (channel mask 0x3)
[2018.07.20-10.02.38:094][  0]LogInit: FAudioDevice initialized.
[2018.07.20-10.02.38:116][  0]LogInit: Texture streaming: Enabled
[2018.07.20-10.02.38:242][  0]LogInit: Display: Game Engine Initialized.
[2018.07.20-10.02.38:243][  0]LogGameplayTags: Display: UGameplayTagsManager::DoneAddingNativeTags. DelegateIsBound: 0
[2018.07.20-10.02.38:243][  0]LogStats: UGameplayTagsManager::ConstructGameplayTagTree: Construct from data asset -  0.000 s
[2018.07.20-10.02.38:243][  0]LogStats: UGameplayTagsManager::ConstructGameplayTagTree: GameplayTagTreeChangedEvent.Broadcast -  0.000 s
[2018.07.20-10.02.38:317][  0]LogInit: Display: Starting Game.
[2018.07.20-10.02.38:317][  0]LogNet: Browse: /Game/Maps/PinballDemoMap?Name=Player
[2018.07.20-10.02.38:317][  0]LogLoad: LoadMap: /Game/Maps/PinballDemoMap?Name=Player
[2018.07.20-10.02.38:333][  0]LogUObjectGlobals: Created PersistentFrame Addr=0x00000208fed0ab00, Size=208, Default__BP_Ball_C Function /Game/blueprints/BP_Ball.BP_Ball_C:ExecuteUbergraph_BP_Ball
[2018.07.20-10.02.38:337][  0]LogUObjectGlobals: Destroyed PersistentFrame Addr=0x00000208fed0ab00, Size=208
[2018.07.20-10.02.38:337][  0]LogUObjectGlobals: Created PersistentFrame Addr=0x00000208fed0ab00, Size=208, Default__BP_Ball_C Function /Engine/Transient.REINST_BP_Ball_C_1:ExecuteUbergraph_BP_Ball
[2018.07.20-10.02.38:339][  0]LogUObjectGlobals: Created PersistentFrame Addr=0x00000208fed5f700, Size=368, Default__BP_Ball_C Function /Game/blueprints/BP_Ball.BP_Ball_C:ExecuteUbergraph_BP_Ball
[2018.07.20-10.02.38:342][  0]LogUObjectGlobals: Created PersistentFrame Addr=0x00000208fed0eac0, Size=264, Default__BP_Bumper_C Function /Game/blueprints/BP_Bumper.BP_Bumper_C:ExecuteUbergraph_BP_Bumper
[2018.07.20-10.02.38:350][  0]LogUObjectGlobals: Destroyed PersistentFrame Addr=0x00000208fed0eac0, Size=264
[2018.07.20-10.02.38:350][  0]LogUObjectGlobals: Created PersistentFrame Addr=0x00000208fed0eac0, Size=264, Default__BP_Bumper_C Function /Engine/Transient.REINST_BP_Bumper_C_3:ExecuteUbergraph_BP_Bumper
[2018.07.20-10.02.38:353][  0]LogUObjectGlobals: Created PersistentFrame Addr=0x00000208fed0d800, Size=264, Default__BP_Bumper_C Function /Game/blueprints/BP_Bumper.BP_Bumper_C:ExecuteUbergraph_BP_Bumper
[2018.07.20-10.02.38:356][  0]LogUObjectGlobals: Created PersistentFrame Addr=0x00000208e16f1378, Size=8, Default__BP_Flipper_C Function /Game/blueprints/BP_Flipper.BP_Flipper_C:ExecuteUbergraph_BP_Flipper
[2018.07.20-10.02.38:362][  0]LogUObjectGlobals: Destroyed PersistentFrame Addr=0x00000208e16f1378, Size=8
[2018.07.20-10.02.38:362][  0]LogUObjectGlobals: Created PersistentFrame Addr=0x00000208e16f1378, Size=8, Default__BP_Flipper_C Function /Engine/Transient.REINST_BP_Flipper_C_5:ExecuteUbergraph_BP_Flipper
[2018.07.20-10.02.38:364][  0]LogUObjectGlobals: Created PersistentFrame Addr=0x00000208e16f1468, Size=8, Default__BP_Flipper_C Function /Game/blueprints/BP_Flipper.BP_Flipper_C:ExecuteUbergraph_BP_Flipper
[2018.07.20-10.02.38:487][  0]LogAIModule: Creating AISystem for world PinballDemoMap
[2018.07.20-10.02.38:491][  0]LogUObjectGlobals: Created PersistentFrame Addr=0x00000208fe94d300, Size=376, Default__PinballPlayerController_C Function /Game/blueprints/PinballPlayerController.PinballPlayerController_C:ExecuteUbergraph_PinballPlayerController
[2018.07.20-10.02.38:496][  0]LogUObjectGlobals: Destroyed PersistentFrame Addr=0x00000208fe94d300, Size=376
[2018.07.20-10.02.38:496][  0]LogUObjectGlobals: Created PersistentFrame Addr=0x00000208fe998b80, Size=376, Default__PinballPlayerController_C Function /Engine/Transient.REINST_PinballPlayerController_C_12:ExecuteUbergraph_PinballPlayerController
[2018.07.20-10.02.38:502][  0]LogUObjectGlobals: Created PersistentFrame Addr=0x000002088aa9b880, Size=384, Default__PinballPlayerController_C Function /Game/blueprints/PinballPlayerController.PinballPlayerController_C:ExecuteUbergraph_PinballPlayerController
[2018.07.20-10.02.38:503][  0]LogLoad: Game class is 'PinballGameMode_C'
[2018.07.20-10.02.38:510][  0]LogWorld: Bringing World /Game/Maps/PinballDemoMap.PinballDemoMap up for play (max tick rate 0) at 2018.07.20-03.02.38
[2018.07.20-10.02.38:511][  0]LogWorld: Bringing up level for play took: 0.005966
[2018.07.20-10.02.38:514][  0]LogLoad: Took 0.196877 seconds to LoadMap(/Game/Maps/PinballDemoMap)
[2018.07.20-10.02.38:584][  0]LogLoad: (Engine Initialization) Total time: 6.47 seconds
[2018.07.20-10.02.38:584][  0]LogLoad: (Engine Initialization) Total Blueprint compile time: 0.00 seconds
[2018.07.20-10.02.38:612][  0]LogRenderer: Reallocating scene render targets to support 1280x720 Format 10 NumSamples 1 (Frame:1).
[2018.07.20-10.02.38:656][  0]LogWindowsTextInputMethodSystem: Display: IME system now deactivated.
[2018.07.20-10.02.38:659][  0]LogContentStreaming: Texture pool size now 1000 MB
[2018.07.20-10.03.07:685][797]LogSlate: Window 'Pinball (64-bit, PCD3D_SM5) ' being destroyed
[2018.07.20-10.03.07:686][797]LogWindowsTextInputMethodSystem: Display: IME system now deactivated.
[2018.07.20-10.03.07:689][797]LogEngine: All Windows Closed
[2018.07.20-10.03.07:689][797]LogWindows: FPlatformMisc::RequestExit(0)
[2018.07.20-10.03.07:909][798]LogSlate: Slate User Destroyed.  User Index 0, Is Virtual User: 0
[2018.07.20-10.03.07:909][798]LogExit: Preparing to exit.
[2018.07.20-10.03.07:909][798]LogMoviePlayer: Shutting down movie player
[2018.07.20-10.03.08:182][798]LogExit: Game engine shut down
[2018.07.20-10.03.08:185][798]LogUObjectGlobals: Destroyed PersistentFrame Addr=0x00000208fed0ab00, Size=208
[2018.07.20-10.03.08:185][798]LogUObjectGlobals: Destroyed PersistentFrame Addr=0x00000208fed5f700, Size=368
[2018.07.20-10.03.08:185][798]LogUObjectGlobals: Destroyed PersistentFrame Addr=0x00000208fed0eac0, Size=264
[2018.07.20-10.03.08:185][798]LogUObjectGlobals: Destroyed PersistentFrame Addr=0x00000208fed0d800, Size=264
[2018.07.20-10.03.08:185][798]LogUObjectGlobals: Destroyed PersistentFrame Addr=0x00000208e16f1378, Size=8
[2018.07.20-10.03.08:185][798]LogUObjectGlobals: Destroyed PersistentFrame Addr=0x00000208e16f1468, Size=8
[2018.07.20-10.03.08:185][798]LogUObjectGlobals: Destroyed PersistentFrame Addr=0x00000208fe998b80, Size=376
[2018.07.20-10.03.08:185][798]LogUObjectGlobals: Destroyed PersistentFrame Addr=0x000002088aa9b880, Size=384
[2018.07.20-10.03.08:227][798]LogExit: Object subsystem successfully closed.
[2018.07.20-10.03.08:239][798]LogShaderCompilers: Display: Shaders left to compile 0
[2018.07.20-10.03.08:241][798]LogD3D11RHI: Shutdown
[2018.07.20-10.03.08:241][798]LogD3D11RHI: CleanupD3DDevice
[2018.07.20-10.03.08:242][798]LogD3D11RHI: ~FD3D11DynamicRHI
[2018.07.20-10.03.08:254][798]LogModuleManager: Shutting down and abandoning module SequenceRecorderSections (332)
[2018.07.20-10.03.08:254][798]LogModuleManager: Shutting down and abandoning module SequenceRecorder (330)
[2018.07.20-10.03.08:254][798]LogModuleManager: Shutting down and abandoning module AutomationController (328)
[2018.07.20-10.03.08:254][798]LogModuleManager: Shutting down and abandoning module AutomationWorker (326)
[2018.07.20-10.03.08:254][798]LogModuleManager: Shutting down and abandoning module AIModule (324)
[2018.07.20-10.03.08:254][798]LogModuleManager: Shutting down and abandoning module GameplayDebugger (323)
[2018.07.20-10.03.08:254][798]LogModuleManager: Shutting down and abandoning module AITestSuite (321)
[2018.07.20-10.03.08:254][798]LogModuleManager: Shutting down and abandoning module WmfMediaFactory (318)
[2018.07.20-10.03.08:254][798]LogModuleManager: Shutting down and abandoning module OpenExrWrapper (316)
[2018.07.20-10.03.08:254][798]LogModuleManager: Shutting down and abandoning module ImgMediaFactory (314)
[2018.07.20-10.03.08:254][798]LogModuleManager: Shutting down and abandoning module AvfMediaFactory (312)
[2018.07.20-10.03.08:254][798]LogModuleManager: Shutting down and abandoning module CharacterAI (310)
[2018.07.20-10.03.08:254][798]LogModuleManager: Shutting down and abandoning module SessionServices (308)
[2018.07.20-10.03.08:254][798]LogModuleManager: Shutting down and abandoning module MovieSceneCapture (306)
[2018.07.20-10.03.08:254][798]LogModuleManager: Shutting down and abandoning module MovieSceneTracks (304)
[2018.07.20-10.03.08:255][798]LogModuleManager: Shutting down and abandoning module MovieScene (302)
[2018.07.20-10.03.08:255][798]LogModuleManager: Shutting down and abandoning module GeometryCache (300)
[2018.07.20-10.03.08:255][798]LogModuleManager: Shutting down and abandoning module GeometryCacheEd (299)
[2018.07.20-10.03.08:255][798]LogModuleManager: Shutting down and abandoning module StreamingPauseRendering (296)
[2018.07.20-10.03.08:255][798]LogModuleManager: Shutting down and abandoning module PortalServices (294)
[2018.07.20-10.03.08:255][798]LogModuleManager: Shutting down and abandoning module PortalRpc (292)
[2018.07.20-10.03.08:255][798]LogModuleManager: Shutting down and abandoning module MessagingRpc (290)
[2018.07.20-10.03.08:255][798]LogModuleManager: Shutting down and abandoning module ProfilerService (288)
[2018.07.20-10.03.08:402][798]LogModuleManager: Shutting down and abandoning module TaskGraph (286)
[2018.07.20-10.03.08:402][798]LogModuleManager: Shutting down and abandoning module SteamVRController (284)
[2018.07.20-10.03.08:402][798]LogModuleManager: Shutting down and abandoning module ProceduralMeshComponent (282)
[2018.07.20-10.03.08:402][798]LogModuleManager: Shutting down and abandoning module OculusInput (280)
[2018.07.20-10.03.08:402][798]LogModuleManager: Shutting down and abandoning module MobilePatchingUtils (278)
[2018.07.20-10.03.08:402][798]LogModuleManager: Shutting down and abandoning module CustomMeshComponent (276)
[2018.07.20-10.03.08:402][798]LogModuleManager: Shutting down and abandoning module CableComponent (274)
[2018.07.20-10.03.08:402][798]LogModuleManager: Shutting down and abandoning module AudioCapture (272)
[2018.07.20-10.03.08:402][798]LogModuleManager: Shutting down and abandoning module ArchVisCharacter (270)
[2018.07.20-10.03.08:402][798]LogModuleManager: Shutting down and abandoning module AndroidPermission (268)
[2018.07.20-10.03.08:402][798]LogModuleManager: Shutting down and abandoning module NUTUnrealEngine4 (264)
[2018.07.20-10.03.08:402][798]LogModuleManager: Shutting down and abandoning module NetcodeUnitTest (262)
[2018.07.20-10.03.08:402][798]LogModuleManager: Shutting down and abandoning module MediaCompositing (260)
[2018.07.20-10.03.08:402][798]LogModuleManager: Shutting down and abandoning module LinearTimecode (258)
[2018.07.20-10.03.08:402][798]LogModuleManager: Shutting down and abandoning module ImgMedia (256)
[2018.07.20-10.03.08:405][798]LogModuleManager: Shutting down and abandoning module HTML5Networking (254)
[2018.07.20-10.03.08:405][798]LogModuleManager: Shutting down and abandoning module DatasmithContent (252)
[2018.07.20-10.03.08:405][798]LogModuleManager: Shutting down and abandoning module CryptoKeysOpenSSL (250)
[2018.07.20-10.03.08:405][798]LogModuleManager: Shutting down and abandoning module CryptoKeys (248)
[2018.07.20-10.03.08:405][798]LogModuleManager: Shutting down and abandoning module VisualStudioSourceCodeAccess (246)
[2018.07.20-10.03.08:405][798]LogModuleManager: Shutting down and abandoning module HotReload (245)
[2018.07.20-10.03.08:405][798]LogModuleManager: Shutting down and abandoning module DirectoryWatcher (244)
[2018.07.20-10.03.08:405][798]LogModuleManager: Shutting down and abandoning module VisualStudioCodeSourceCodeAccess (240)
[2018.07.20-10.03.08:405][798]LogModuleManager: Shutting down and abandoning module UObjectPlugin (238)
[2018.07.20-10.03.08:405][798]LogModuleManager: Shutting down and abandoning module SubversionSourceControl (236)
[2018.07.20-10.03.08:405][798]LogModuleManager: Shutting down and abandoning module PerforceSourceControl (234)
[2018.07.20-10.03.08:405][798]LogModuleManager: Shutting down and abandoning module SourceControl (233)
[2018.07.20-10.03.08:405][798]LogModuleManager: Shutting down and abandoning module CLionSourceCodeAccess (230)
[2018.07.20-10.03.08:405][798]LogModuleManager: Shutting down and abandoning module RuntimePhysXCooking (228)
[2018.07.20-10.03.08:405][798]LogModuleManager: Shutting down and abandoning module PhysXVehiclesEditor (226)
[2018.07.20-10.03.08:405][798]LogModuleManager: Shutting down and abandoning module PhysXVehicles (224)
[2018.07.20-10.03.08:405][798]LogModuleManager: Shutting down and abandoning module LocationServicesBPLibrary (222)
[2018.07.20-10.03.08:405][798]LogModuleManager: Shutting down and abandoning module ImmediatePhysicsEditor (220)
[2018.07.20-10.03.08:405][798]LogModuleManager: Shutting down and abandoning module ImmediatePhysics (218)
[2018.07.20-10.03.08:405][798]LogModuleManager: Shutting down and abandoning module ActorSequence (216)
[2018.07.20-10.03.08:405][798]LogModuleManager: Shutting down and abandoning module UdpMessaging (214)
[2018.07.20-10.03.08:506][798]LogModuleManager: Shutting down and abandoning module TcpMessaging (212)
[2018.07.20-10.03.09:133][798]LogModuleManager: Shutting down and abandoning module GameplayTagsEditor (210)
[2018.07.20-10.03.09:133][798]LogModuleManager: Shutting down and abandoning module FacialAnimation (208)
[2018.07.20-10.03.09:133][798]LogModuleManager: Shutting down and abandoning module DataValidation (206)
[2018.07.20-10.03.09:133][798]LogModuleManager: Shutting down and abandoning module AssetManagerEditor (204)
[2018.07.20-10.03.09:133][798]LogModuleManager: Shutting down and abandoning module TreeMap (203)
[2018.07.20-10.03.09:133][798]LogModuleManager: Shutting down and abandoning module LightPropagationVolumeRuntime (200)
[2018.07.20-10.03.09:133][798]LogModuleManager: Shutting down and abandoning module LiveLink (198)
[2018.07.20-10.03.10:042][798]LogModuleManager: Shutting down and abandoning module Paper2D (196)
[2018.07.20-10.03.10:042][798]LogModuleManager: Shutting down and abandoning module PIEPreviewDeviceProfileSelector (194)
[2018.07.20-10.03.10:042][798]LogModuleManager: Shutting down and abandoning module WindowsMoviePlayer (192)
[2018.07.20-10.03.10:042][798]LogModuleManager: Shutting down and abandoning module WmfMedia (190)
[2018.07.20-10.03.10:043][798]LogModuleManager: Shutting down and abandoning module Media (189)
[2018.07.20-10.03.10:049][798]LogModuleManager: Shutting down and abandoning module PacketHandler (186)
[2018.07.20-10.03.10:049][798]LogModuleManager: Shutting down and abandoning module ClothingSystemEditor (184)
[2018.07.20-10.03.10:049][798]LogModuleManager: Shutting down and abandoning module ClothingSystemRuntime (182)
[2018.07.20-10.03.10:049][798]LogModuleManager: Shutting down and abandoning module MediaAssets (180)
[2018.07.20-10.03.10:049][798]LogModuleManager: Shutting down and abandoning module Overlay (178)
[2018.07.20-10.03.10:049][798]LogModuleManager: Shutting down and abandoning module OverlayEditor (177)
[2018.07.20-10.03.10:049][798]LogModuleManager: Shutting down and abandoning module VREditor (174)
[2018.07.20-10.03.10:049][798]LogModuleManager: Shutting down and abandoning module StringTableEditor (172)
[2018.07.20-10.03.10:049][798]LogModuleManager: Shutting down and abandoning module GameplayTasksEditor (170)
[2018.07.20-10.03.10:049][798]LogModuleManager: Shutting down and abandoning module BehaviorTreeEditor (168)
[2018.07.20-10.03.10:049][798]LogModuleManager: Shutting down and abandoning module FunctionalTesting (166)
[2018.07.20-10.03.10:049][798]LogModuleManager: Shutting down and abandoning module CollisionAnalyzer (164)
[2018.07.20-10.03.10:049][798]LogModuleManager: Shutting down and abandoning module WorkspaceMenuStructure (163)
[2018.07.20-10.03.10:049][798]LogModuleManager: Shutting down and abandoning module UMG (160)
[2018.07.20-10.03.10:049][798]LogModuleManager: Shutting down and abandoning module UMGEditor (159)
[2018.07.20-10.03.10:050][798]LogModuleManager: Shutting down and abandoning module Sequencer (158)
[2018.07.20-10.03.10:050][798]LogModuleManager: Shutting down and abandoning module MessageLog (155)
[2018.07.20-10.03.10:050][798]LogModuleManager: Shutting down and abandoning module SlateReflector (150)
[2018.07.20-10.03.10:050][798]LogModuleManager: Shutting down and abandoning module Slate (148)
[2018.07.20-10.03.10:050][798]LogModuleManager: Shutting down and abandoning module EditorStyle (146)
[2018.07.20-10.03.10:051][798]LogModuleManager: Shutting down and abandoning module MRMesh (144)
[2018.07.20-10.03.10:051][798]LogModuleManager: Shutting down and abandoning module Messaging (142)
[2018.07.20-10.03.10:051][798]LogModuleManager: Shutting down and abandoning module SourceCodeAccess (140)
[2018.07.20-10.03.10:051][798]LogModuleManager: Shutting down and abandoning module HeadMountedDisplay (138)
[2018.07.20-10.03.10:051][798]LogModuleManager: Shutting down and abandoning module XAudio2 (136)
[2018.07.20-10.03.10:051][798]LogModuleManager: Shutting down and abandoning module Networking (134)
[2018.07.20-10.03.10:051][798]LogModuleManager: Shutting down and abandoning module Core (132)
[2018.07.20-10.03.10:051][798]LogModuleManager: Shutting down and abandoning module LevelSequence (130)
[2018.07.20-10.03.10:051][798]LogModuleManager: Shutting down and abandoning module KismetCompiler (128)
[2018.07.20-10.03.10:051][798]LogModuleManager: Shutting down and abandoning module MeshUtilities (126)
[2018.07.20-10.03.10:051][798]LogModuleManager: Shutting down and abandoning module MeshMergeUtilities (125)
[2018.07.20-10.03.10:052][798]LogModuleManager: Shutting down and abandoning module MeshReductionInterface (124)
[2018.07.20-10.03.10:052][798]LogModuleManager: Shutting down and abandoning module SimplygonSwarm (123)
[2018.07.20-10.03.10:052][798]LogModuleManager: Shutting down and abandoning module SimplygonMeshReduction (121)
[2018.07.20-10.03.10:052][798]LogModuleManager: Shutting down and abandoning module QuadricMeshReduction (119)
[2018.07.20-10.03.10:052][798]LogModuleManager: Shutting down and abandoning module MaterialBaking (115)
[2018.07.20-10.03.10:052][798]LogModuleManager: Shutting down and abandoning module DerivedDataCache (110)
[2018.07.20-10.03.10:291][798]LogDerivedDataCache: Shutdown
[2018.07.20-10.03.10:291][798]LogModuleManager: Shutting down and abandoning module XGEController (108)
[2018.07.20-10.03.10:291][798]LogModuleManager: Shutting down and abandoning module TargetPlatform (106)
[2018.07.20-10.03.10:291][798]LogModuleManager: Shutting down and abandoning module VulkanShaderFormat (105)
[2018.07.20-10.03.10:291][798]LogModuleManager: Shutting down and abandoning module ShaderFormatVectorVM (103)
[2018.07.20-10.03.10:291][798]LogModuleManager: Shutting down and abandoning module ShaderFormatOpenGL (101)
[2018.07.20-10.03.10:291][798]LogModuleManager: Shutting down and abandoning module ShaderFormatD3D (99)
[2018.07.20-10.03.10:291][798]LogModuleManager: Shutting down and abandoning module MetalShaderFormat (97)
[2018.07.20-10.03.10:291][798]LogModuleManager: Shutting down and abandoning module TextureFormatUncompressed (95)
[2018.07.20-10.03.10:291][798]LogModuleManager: Shutting down and abandoning module TextureFormatPVR (93)
[2018.07.20-10.03.10:291][798]LogModuleManager: Shutting down and abandoning module TextureFormatDXT (91)
[2018.07.20-10.03.10:291][798]LogModuleManager: Shutting down and abandoning module TextureFormatIntelISPCTexComp (89)
[2018.07.20-10.03.10:291][798]LogModuleManager: Shutting down and abandoning module TextureFormatASTC (87)
[2018.07.20-10.03.10:291][798]LogModuleManager: Shutting down and abandoning module ImageWrapper (86)
[2018.07.20-10.03.10:291][798]LogModuleManager: Shutting down and abandoning module TextureFormatAndroid (83)
[2018.07.20-10.03.10:291][798]LogModuleManager: Shutting down and abandoning module AudioFormatOpus (81)
[2018.07.20-10.03.10:291][798]LogModuleManager: Shutting down and abandoning module AudioFormatOgg (79)
[2018.07.20-10.03.10:291][798]LogModuleManager: Shutting down and abandoning module AudioFormatADPCM (77)
[2018.07.20-10.03.10:291][798]LogModuleManager: Shutting down and abandoning module WindowsTargetPlatform (75)
[2018.07.20-10.03.10:291][798]LogModuleManager: Shutting down and abandoning module WindowsServerTargetPlatform (73)
[2018.07.20-10.03.10:291][798]LogModuleManager: Shutting down and abandoning module WindowsNoEditorTargetPlatform (71)
[2018.07.20-10.03.10:291][798]LogModuleManager: Shutting down and abandoning module WindowsClientTargetPlatform (69)
[2018.07.20-10.03.10:291][798]LogModuleManager: Shutting down and abandoning module InputCore (66)
[2018.07.20-10.03.10:291][798]LogModuleManager: Shutting down and abandoning module Settings (64)
[2018.07.20-10.03.10:291][798]LogModuleManager: Shutting down and abandoning module PhysXCooking (62)
[2018.07.20-10.03.10:291][798]LogModuleManager: Shutting down and abandoning module SteamVR (60)
[2018.07.20-10.03.10:292][798]LogModuleManager: Shutting down and abandoning module OculusHMD (58)
[2018.07.20-10.03.10:292][798]LogModuleManager: Shutting down and abandoning module ExampleDeviceProfileSelector (56)
[2018.07.20-10.03.10:292][798]LogModuleManager: Shutting down and abandoning module AppleARKit (54)
[2018.07.20-10.03.10:292][798]LogModuleManager: Shutting down and abandoning module AugmentedReality (51)
[2018.07.20-10.03.10:292][798]LogModuleManager: Shutting down and abandoning module OnlineBlueprintSupport (48)
[2018.07.20-10.03.10:292][798]LogModuleManager: Shutting down and abandoning module OnlineSubsystem (44)
[2018.07.20-10.03.10:292][798]LogModuleManager: Shutting down and abandoning module XMPP (43)
[2018.07.20-10.03.10:292][798]LogModuleManager: Shutting down and abandoning module HTTP (41)
[2018.07.20-10.03.10:295][798]LogModuleManager: Shutting down and abandoning module SSL (40)
[2018.07.20-10.03.10:296][798]LogModuleManager: Shutting down and abandoning module AnimationModifiers (36)
[2018.07.20-10.03.10:296][798]LogModuleManager: Shutting down and abandoning module PropertyEditor (35)
[2018.07.20-10.03.10:296][798]LogModuleManager: Shutting down and abandoning module AudioEditor (32)
[2018.07.20-10.03.10:296][798]LogModuleManager: Shutting down and abandoning module TextureCompressor (30)
[2018.07.20-10.03.10:296][798]LogModuleManager: Shutting down and abandoning module ShaderCore (28)
[2018.07.20-10.03.10:296][798]LogModuleManager: Shutting down and abandoning module Landscape (26)
[2018.07.20-10.03.10:296][798]LogModuleManager: Shutting down and abandoning module SlateRHIRenderer (24)
[2018.07.20-10.03.10:297][798]LogModuleManager: Shutting down and abandoning module OpenGLDrv (22)
[2018.07.20-10.03.10:297][798]LogModuleManager: Shutting down and abandoning module D3D11RHI (20)
[2018.07.20-10.03.10:297][798]LogModuleManager: Shutting down and abandoning module AnimGraphRuntime (18)
[2018.07.20-10.03.10:297][798]LogModuleManager: Shutting down and abandoning module Renderer (16)
[2018.07.20-10.03.10:297][798]LogModuleManager: Shutting down and abandoning module Engine (14)
[2018.07.20-10.03.10:297][798]LogModuleManager: Shutting down and abandoning module CoreUObject (12)
[2018.07.20-10.03.10:297][798]LogModuleManager: Shutting down and abandoning module NetworkFile (10)
[2018.07.20-10.03.10:297][798]LogModuleManager: Shutting down and abandoning module CookedIterativeFile (8)
[2018.07.20-10.03.10:297][798]LogModuleManager: Shutting down and abandoning module StreamingFile (6)
[2018.07.20-10.03.10:297][798]LogModuleManager: Shutting down and abandoning module SandboxFile (4)
[2018.07.20-10.03.10:297][798]LogModuleManager: Shutting down and abandoning module PakFile (2)
[2018.07.20-10.03.10:301][798]LogExit: Exiting.
[2018.07.20-10.03.10:303][798]Log file closed, 07/20/18 03:03:10
